<?xml version="1.0" encoding="UTF-8"?>
<!-- Generated by org.testng.reporters.JUnitXMLReporter -->
<testsuite ignored="1" hostname="HVTNDAL0854" failures="0" tests="5" name="regression" time="0.159" errors="0" timestamp="2024-05-02T12:56:21 IST">
  <testcase classname="TestngProject.testng1.first" name="demo" time="0.012"/>
  <testcase classname="TestngProject.testng1.first" name="third" time="0.003"/>
  <testcase classname="TestngProject.testng1.second" name="demo" time="0.006"/>
  <testcase classname="TestngProject.testng1.third" name="second" time="0.003"/>
  <testcase classname="TestngProject.testng1.third" name="third1" time="0.004"/>
  <testcase classname="TestngProject.testng1.first" name="second" time="0.0">
    <ignored/>
  </testcase> <!-- second -->
</testsuite> <!-- regression -->
