<?xml version="1.0" encoding="UTF-8"?>
<!-- Generated by org.testng.reporters.JUnitXMLReporter -->
<testsuite ignored="0" hostname="HVTNDAL0854" failures="0" tests="8" name="smoke" time="0.442" errors="0" timestamp="2024-05-02T19:56:58 IST">
  <testcase classname="TestngProject.testng1.first" name="demo" time="0.02"/>
  <testcase classname="TestngProject.testng1.first" name="second" time="0.007"/>
  <testcase classname="TestngProject.testng1.first" name="third" time="0.013"/>
  <testcase classname="TestngProject.testng1.first" name="third" time="0.018"/>
  <testcase classname="TestngProject.testng1.first" name="third" time="0.026"/>
  <testcase classname="TestngProject.testng1.second" name="demo" time="0.013"/>
  <testcase classname="TestngProject.testng1.third" name="second" time="0.02"/>
  <testcase classname="TestngProject.testng1.third" name="third1" time="0.016"/>
</testsuite> <!-- smoke -->
