<?xml version="1.0" encoding="UTF-8"?>
<!-- Generated by org.testng.reporters.JUnitXMLReporter -->
<testsuite ignored="0" hostname="HVTNDAL0854" failures="0" tests="4" name="Test" time="0.131" errors="0" timestamp="2024-05-02T12:49:03 IST">
  <testcase classname="TestngProject.testng1.first" name="demo" time="0.017"/>
  <testcase classname="TestngProject.testng1.first" name="second" time="0.004"/>
  <testcase classname="TestngProject.testng1.first" name="third" time="0.005"/>
  <testcase classname="TestngProject.testng1.second" name="demo" time="0.004"/>
</testsuite> <!-- Test -->
