<?xml version="1.0" encoding="UTF-8"?>
<!-- Generated by org.testng.reporters.JUnitXMLReporter -->
<testsuite ignored="1" hostname="HVTNDAL0854" failures="0" tests="2" name="third" time="0.032" errors="0" timestamp="2024-05-02T11:11:41 IST">
  <testcase classname="TestngProject.testng1.third" name="demo" time="0.003"/>
  <testcase classname="TestngProject.testng1.third" name="second" time="0.007"/>
  <testcase classname="TestngProject.testng1.third" name="third1" time="0.0">
    <ignored/>
  </testcase> <!-- third1 -->
</testsuite> <!-- third -->
